<?xml version="1.0" encoding="UTF-8"?>
<!-- Generated by org.testng.reporters.JUnitReportReporter -->
<testsuite hostname="user-PC" name="com.application.test.VerifyWebsiteLinkTest" tests="1" failures="0" timestamp="9 Jul 2016 11:51:18 GMT" time="9.098" errors="0">
  <testcase name="testVerifyWebsiteLink" time="9.098" classname="com.application.test.VerifyWebsiteLinkTest"/>
</testsuite> <!-- com.application.test.VerifyWebsiteLinkTest -->
