<?xml version="1.0" encoding="UTF-8"?>
<!-- Generated by org.testng.reporters.JUnitReportReporter -->
<testsuite hostname="user-PC" name="com.application.test.DownloadReportTest" tests="1" failures="0" timestamp="9 Jul 2016 14:39:26 GMT" time="197.076" errors="0">
  <testcase name="testDownloadReport" time="197.076" classname="com.application.test.DownloadReportTest"/>
</testsuite> <!-- com.application.test.DownloadReportTest -->
