<?xml version="1.0" encoding="UTF-8"?>
<!-- Generated by org.testng.reporters.JUnitReportReporter -->
<testsuite hostname="user-PC" name="webdriverconcepts.Handlingframes" tests="1" failures="0" timestamp="26 Jan 2016 10:59:25 GMT" time="18.104" errors="0">
  <testcase name="testHandlingFrames" time="18.104" classname="webdriverconcepts.Handlingframes"/>
</testsuite> <!-- webdriverconcepts.Handlingframes -->
