<?xml version="1.0" encoding="UTF-8"?>
<!-- Generated by org.testng.reporters.JUnitReportReporter -->
<testsuite hostname="user-PC" name="webdriverconcepts.WindowExamples" tests="1" failures="0" timestamp="9 Jul 2016 10:37:55 GMT" time="40.985" errors="0">
  <testcase name="test_CloseAllWindowsExceptMainWindow" time="40.985" classname="webdriverconcepts.WindowExamples"/>
</testsuite> <!-- webdriverconcepts.WindowExamples -->
